{"/Users/mobile/Desktop/Anny/03研討會/20170916JavaScript測試/javascript-test-2017-09-23/lab10/src/shoppingCart.js":{"path":"/Users/mobile/Desktop/Anny/03研討會/20170916JavaScript測試/javascript-test-2017-09-23/lab10/src/shoppingCart.js","s":{"1":1,"2":1,"3":1,"4":1,"5":0,"6":1},"b":{"1":[1,0]},"f":{"1":1,"2":1},"fnMap":{"1":{"name":"ShoppingCart","line":1,"loc":{"start":{"line":1,"column":0},"end":{"line":1,"column":24}}},"2":{"name":"(anonymous_2)","line":4,"loc":{"start":{"line":4,"column":42},"end":{"line":4,"column":64}}}},"statementMap":{"1":{"start":{"line":1,"column":0},"end":{"line":2,"column":1}},"2":{"start":{"line":4,"column":0},"end":{"line":10,"column":2}},"3":{"start":{"line":5,"column":4},"end":{"line":7,"column":5}},"4":{"start":{"line":6,"column":8},"end":{"line":6,"column":32}},"5":{"start":{"line":9,"column":4},"end":{"line":9,"column":22}},"6":{"start":{"line":12,"column":0},"end":{"line":12,"column":30}}},"branchMap":{"1":{"line":5,"type":"if","locations":[{"start":{"line":5,"column":4},"end":{"line":5,"column":4}},{"start":{"line":5,"column":4},"end":{"line":5,"column":4}}]}}}}